{"/Users/joliv/Dev/react-horizontal-collapse/src/index.tsx": {"path":"/Users/joliv/Dev/react-horizontal-collapse/src/index.tsx","statementMap":{"0":{"start":{"line":1,"column":0},"end":{"line":1,"column":null}},"1":{"start":{"line":10,"column":0},"end":{"line":10,"column":50}},"2":{"start":{"line":21,"column":13},"end":{"line":136,"column":2}},"3":{"start":{"line":22,"column":2},"end":{"line":22,"column":13}},"4":{"start":{"line":22,"column":13},"end":{"line":22,"column":null}},"5":{"start":{"line":23,"column":2},"end":{"line":23,"column":10}},"6":{"start":{"line":23,"column":10},"end":{"line":23,"column":null}},"7":{"start":{"line":24,"column":20},"end":{"line":24,"column":null}},"8":{"start":{"line":25,"column":10},"end":{"line":25,"column":null}},"9":{"start":{"line":27,"column":55},"end":{"line":27,"column":null}},"10":{"start":{"line":27,"column":27},"end":{"line":27,"column":36}},"11":{"start":{"line":27,"column":50},"end":{"line":27,"column":55}},"12":{"start":{"line":30,"column":51},"end":{"line":30,"column":null}},"13":{"start":{"line":30,"column":25},"end":{"line":30,"column":34}},"14":{"start":{"line":30,"column":46},"end":{"line":30,"column":51}},"15":{"start":{"line":33,"column":34},"end":{"line":33,"column":62}},"16":{"start":{"line":34,"column":34},"end":{"line":34,"column":62}},"17":{"start":{"line":35,"column":48},"end":{"line":35,"column":59}},"18":{"start":{"line":35,"column":24},"end":{"line":35,"column":26}},"19":{"start":{"line":35,"column":44},"end":{"line":35,"column":48}},"20":{"start":{"line":37,"column":17},"end":{"line":90,"column":4}},"21":{"start":{"line":39,"column":4},"end":{"line":42,"column":null}},"22":{"start":{"line":41,"column":6},"end":{"line":41,"column":13}},"23":{"start":{"line":44,"column":21},"end":{"line":46,"column":null}},"24":{"start":{"line":49,"column":33},"end":{"line":50,"column":null}},"25":{"start":{"line":50,"column":17},"end":{"line":50,"column":null}},"26":{"start":{"line":55,"column":6},"end":{"line":57,"column":11}},"27":{"start":{"line":60,"column":25},"end":{"line":62,"column":49}},"28":{"start":{"line":62,"column":32},"end":{"line":62,"column":47}},"29":{"start":{"line":63,"column":23},"end":{"line":65,"column":49}},"30":{"start":{"line":65,"column":32},"end":{"line":65,"column":47}},"31":{"start":{"line":68,"column":30},"end":{"line":68,"column":70}},"32":{"start":{"line":69,"column":20},"end":{"line":69,"column":45}},"33":{"start":{"line":70,"column":26},"end":{"line":70,"column":43}},"34":{"start":{"line":72,"column":24},"end":{"line":73,"column":15}},"35":{"start":{"line":73,"column":6},"end":{"line":76,"column":21}},"36":{"start":{"line":78,"column":4},"end":{"line":81,"column":null}},"37":{"start":{"line":79,"column":6},"end":{"line":79,"column":75}},"38":{"start":{"line":80,"column":6},"end":{"line":80,"column":24}},"39":{"start":{"line":83,"column":4},"end":{"line":83,"column":40}},"40":{"start":{"line":92,"column":33},"end":{"line":92,"column":60}},"41":{"start":{"line":94,"column":4},"end":{"line":96,"column":43}},"42":{"start":{"line":99,"column":2},"end":{"line":99,"column":42}},"43":{"start":{"line":101,"column":40},"end":{"line":101,"column":69}},"44":{"start":{"line":102,"column":2},"end":{"line":106,"column":46}},"45":{"start":{"line":103,"column":4},"end":{"line":105,"column":null}},"46":{"start":{"line":104,"column":6},"end":{"line":104,"column":15}},"47":{"start":{"line":108,"column":24},"end":{"line":108,"column":56}},"48":{"start":{"line":110,"column":24},"end":{"line":113,"column":null}},"49":{"start":{"line":116,"column":2},"end":{"line":135,"column":4}},"50":{"start":{"line":139,"column":19},"end":{"line":139,"column":41}},"51":{"start":{"line":141,"column":2},"end":{"line":143,"column":5}},"52":{"start":{"line":142,"column":4},"end":{"line":142,"column":29}},"53":{"start":{"line":145,"column":2},"end":{"line":145,"column":26}}},"fnMap":{"0":{"name":"(anonymous_0)","decl":{"start":{"line":21,"column":45},"end":{"line":21,"column":46}},"loc":{"start":{"line":26,"column":1},"end":{"line":136,"column":1}}},"1":{"name":"(anonymous_1)","decl":{"start":{"line":37,"column":29},"end":{"line":37,"column":null}},"loc":{"start":{"line":37,"column":29},"end":{"line":84,"column":3}}},"2":{"name":"(anonymous_2)","decl":{"start":{"line":50,"column":6},"end":{"line":50,"column":7}},"loc":{"start":{"line":50,"column":12},"end":{"line":50,"column":22}}},"3":{"name":"(anonymous_3)","decl":{"start":{"line":62,"column":14},"end":{"line":62,"column":15}},"loc":{"start":{"line":62,"column":27},"end":{"line":62,"column":37}}},"4":{"name":"(anonymous_4)","decl":{"start":{"line":65,"column":14},"end":{"line":65,"column":15}},"loc":{"start":{"line":65,"column":27},"end":{"line":65,"column":37}}},"5":{"name":"(anonymous_5)","decl":{"start":{"line":72,"column":24},"end":{"line":72,"column":null}},"loc":{"start":{"line":72,"column":24},"end":{"line":73,"column":15}}},"6":{"name":"(anonymous_6)","decl":{"start":{"line":102,"column":12},"end":{"line":102,"column":null}},"loc":{"start":{"line":102,"column":12},"end":{"line":106,"column":3}}},"7":{"name":"usePrevious","decl":{"start":{"line":138,"column":9},"end":{"line":138,"column":20}},"loc":{"start":{"line":138,"column":32},"end":{"line":146,"column":1}}},"8":{"name":"(anonymous_8)","decl":{"start":{"line":141,"column":12},"end":{"line":141,"column":null}},"loc":{"start":{"line":141,"column":12},"end":{"line":143,"column":3}}}},"branchMap":{"0":{"loc":{"start":{"line":22,"column":16},"end":{"line":22,"column":17}},"type":"cond-expr","locations":[{"start":{"line":22,"column":16},"end":{"line":22,"column":17}},{"start":{"line":22,"column":17},"end":{"line":22,"column":null}}]},"1":{"loc":{"start":{"line":23,"column":13},"end":{"line":23,"column":14}},"type":"cond-expr","locations":[{"start":{"line":23,"column":13},"end":{"line":23,"column":14}},{"start":{"line":23,"column":14},"end":{"line":23,"column":null}}]},"2":{"loc":{"start":{"line":39,"column":4},"end":{"line":42,"column":null}},"type":"if","locations":[{"start":{"line":39,"column":4},"end":{"line":42,"column":null}},{"start":{"line":39,"column":4},"end":{"line":42,"column":null}}]},"3":{"loc":{"start":{"line":56,"column":10},"end":{"line":56,"column":71}},"type":"cond-expr","locations":[{"start":{"line":56,"column":10},"end":{"line":56,"column":71}},{"start":{"line":57,"column":10},"end":{"line":57,"column":11}}]},"4":{"loc":{"start":{"line":55,"column":6},"end":{"line":55,"column":24}},"type":"binary-expr","locations":[{"start":{"line":55,"column":6},"end":{"line":55,"column":24}},{"start":{"line":55,"column":28},"end":{"line":55,"column":59}}]},"5":{"loc":{"start":{"line":75,"column":31},"end":{"line":75,"column":47}},"type":"cond-expr","locations":[{"start":{"line":75,"column":31},"end":{"line":75,"column":47}},{"start":{"line":75,"column":50},"end":{"line":75,"column":51}}]},"6":{"loc":{"start":{"line":78,"column":11},"end":{"line":78,"column":24}},"type":"binary-expr","locations":[{"start":{"line":78,"column":11},"end":{"line":78,"column":24}},{"start":{"line":78,"column":28},"end":{"line":78,"column":47}}]},"7":{"loc":{"start":{"line":94,"column":4},"end":{"line":94,"column":23}},"type":"binary-expr","locations":[{"start":{"line":94,"column":4},"end":{"line":94,"column":23}},{"start":{"line":95,"column":4},"end":{"line":95,"column":35}},{"start":{"line":96,"column":4},"end":{"line":96,"column":43}}]},"8":{"loc":{"start":{"line":103,"column":4},"end":{"line":105,"column":null}},"type":"if","locations":[{"start":{"line":103,"column":4},"end":{"line":105,"column":null}},{"start":{"line":103,"column":4},"end":{"line":105,"column":null}}]},"9":{"loc":{"start":{"line":112,"column":52},"end":{"line":112,"column":72}},"type":"cond-expr","locations":[{"start":{"line":112,"column":52},"end":{"line":112,"column":72}},{"start":{"line":112,"column":75},"end":{"line":112,"column":77}}]},"10":{"loc":{"start":{"line":112,"column":8},"end":{"line":112,"column":27}},"type":"binary-expr","locations":[{"start":{"line":112,"column":8},"end":{"line":112,"column":27}},{"start":{"line":112,"column":31},"end":{"line":112,"column":49}}]}},"s":{"0":0,"1":0,"2":0,"3":0,"4":0,"5":0,"6":0,"7":0,"8":0,"9":0,"10":0,"11":0,"12":0,"13":0,"14":0,"15":0,"16":0,"17":0,"18":0,"19":0,"20":0,"21":0,"22":0,"23":0,"24":0,"25":0,"26":0,"27":0,"28":0,"29":0,"30":0,"31":0,"32":0,"33":0,"34":0,"35":0,"36":0,"37":0,"38":0,"39":0,"40":0,"41":0,"42":0,"43":0,"44":0,"45":0,"46":0,"47":0,"48":0,"49":0,"50":0,"51":0,"52":0,"53":0},"f":{"0":0,"1":0,"2":0,"3":0,"4":0,"5":0,"6":0,"7":0,"8":0},"b":{"0":[0,0],"1":[0,0],"2":[0,0],"3":[0,0],"4":[0,0],"5":[0,0],"6":[0,0],"7":[0,0,0],"8":[0,0],"9":[0,0],"10":[0,0]}}
}
