TN:
SF:/Users/joliv/Dev/react-horizontal-collapse/src/index.tsx
FN:21,(anonymous_0)
FN:37,(anonymous_1)
FN:50,(anonymous_2)
FN:62,(anonymous_3)
FN:65,(anonymous_4)
FN:72,(anonymous_5)
FN:102,(anonymous_6)
FN:138,usePrevious
FN:141,(anonymous_8)
FNF:9
FNH:0
FNDA:0,(anonymous_0)
FNDA:0,(anonymous_1)
FNDA:0,(anonymous_2)
FNDA:0,(anonymous_3)
FNDA:0,(anonymous_4)
FNDA:0,(anonymous_5)
FNDA:0,(anonymous_6)
FNDA:0,usePrevious
FNDA:0,(anonymous_8)
DA:1,0
DA:10,0
DA:21,0
DA:22,0
DA:23,0
DA:24,0
DA:25,0
DA:27,0
DA:30,0
DA:33,0
DA:34,0
DA:35,0
DA:37,0
DA:39,0
DA:41,0
DA:44,0
DA:49,0
DA:50,0
DA:55,0
DA:60,0
DA:62,0
DA:63,0
DA:65,0
DA:68,0
DA:69,0
DA:70,0
DA:72,0
DA:73,0
DA:78,0
DA:79,0
DA:80,0
DA:83,0
DA:92,0
DA:94,0
DA:99,0
DA:101,0
DA:102,0
DA:103,0
DA:104,0
DA:108,0
DA:110,0
DA:116,0
DA:139,0
DA:141,0
DA:142,0
DA:145,0
LF:46
LH:0
BRDA:22,0,0,0
BRDA:22,0,1,0
BRDA:23,1,0,0
BRDA:23,1,1,0
BRDA:39,2,0,0
BRDA:39,2,1,0
BRDA:56,3,0,0
BRDA:56,3,1,0
BRDA:55,4,0,0
BRDA:55,4,1,0
BRDA:75,5,0,0
BRDA:75,5,1,0
BRDA:78,6,0,0
BRDA:78,6,1,0
BRDA:94,7,0,0
BRDA:94,7,1,0
BRDA:94,7,2,0
BRDA:103,8,0,0
BRDA:103,8,1,0
BRDA:112,9,0,0
BRDA:112,9,1,0
BRDA:112,10,0,0
BRDA:112,10,1,0
BRF:23
BRH:0
end_of_record
